<?xml version="1.0" encoding="UTF-8"?>
<!-- Generated by org.testng.reporters.JUnitXMLReporter -->
<testsuite ignored="4" hostname="DESKTOP-5LDN60S" failures="0" tests="3" name="Default test" time="4.284" errors="0" timestamp="2026-06-02T13:58:21 EET">
  <testcase classname="MyTestCases" name="singup" time="0.067"/>
  <testcase classname="MyTestCases" name="UpdetData" time="0.016"/>
  <testcase classname="MyTestCases" name="DaletData" time="0.014"/>
  <testcase classname="MyTestCases" name="ReadData" time="0.0">
    <ignored/>
  </testcase> <!-- ReadData -->
  <testcase classname="MyTestCases" name="LogOut" time="0.0">
    <ignored/>
  </testcase> <!-- LogOut -->
  <testcase classname="MyTestCases" name="Singnup" time="0.0">
    <ignored/>
  </testcase> <!-- Singnup -->
  <testcase classname="MyTestCases" name="Login" time="0.0">
    <ignored/>
  </testcase> <!-- Login -->
</testsuite> <!-- Default test -->
