<?xml version="1.0" encoding="UTF-8"?>
<testng-results ignored="4" total="7" passed="3" failed="0" skipped="0">
  <reporter-output>
  </reporter-output>
  <suite started-at="2026-06-02T13:58:16 EET" name="Default suite" finished-at="2026-06-02T13:58:21 EET" duration-ms="4284">
    <groups>
    </groups>
    <test started-at="2026-06-02T13:58:16 EET" name="Default test" finished-at="2026-06-02T13:58:21 EET" duration-ms="4284">
      <class name="MyTestCases">
        <test-method is-config="true" signature="MyStaup()[pri:0, instance:MyTestCases@3a6f2de3]" started-at="2026-06-02T13:58:16 EET" name="MyStaup" finished-at="2026-06-02T13:58:20 EET" duration-ms="4064" status="PASS">
          <reporter-output>
          </reporter-output>
        </test-method> <!-- MyStaup -->
        <test-method signature="singup()[pri:1, instance:MyTestCases@3a6f2de3]" started-at="2026-06-02T13:58:21 EET" name="singup" finished-at="2026-06-02T13:58:21 EET" duration-ms="67" status="PASS">
          <reporter-output>
          </reporter-output>
        </test-method> <!-- singup -->
        <test-method signature="UpdetData()[pri:2, instance:MyTestCases@3a6f2de3]" started-at="2026-06-02T13:58:21 EET" name="UpdetData" finished-at="2026-06-02T13:58:21 EET" duration-ms="16" status="PASS">
          <reporter-output>
          </reporter-output>
        </test-method> <!-- UpdetData -->
        <test-method signature="DaletData()[pri:3, instance:MyTestCases@3a6f2de3]" started-at="2026-06-02T13:58:21 EET" name="DaletData" finished-at="2026-06-02T13:58:21 EET" duration-ms="14" status="PASS">
          <reporter-output>
          </reporter-output>
        </test-method> <!-- DaletData -->
        <test-method is-config="true" signature="PostTesting()[pri:0, instance:MyTestCases@3a6f2de3]" started-at="2026-06-02T13:58:21 EET" name="PostTesting" finished-at="2026-06-02T13:58:21 EET" duration-ms="2" status="PASS">
          <reporter-output>
          </reporter-output>
        </test-method> <!-- PostTesting -->
      </class> <!-- MyTestCases -->
    </test> <!-- Default test -->
  </suite> <!-- Default suite -->
</testng-results>
