<?xml version="1.0" encoding="UTF-8"?>
<!-- Generated by org.testng.reporters.JUnitReportReporter -->
<testsuite hostname="DESKTOP-5LDN60S" failures="0" tests="7" name="MyTestCases" time="0.097" errors="0" timestamp="2026-06-02T13:58:21 EET" skipped="4">
  <testcase classname="MyTestCases" name="singup" time="0.067"/>
  <testcase classname="MyTestCases" name="UpdetData" time="0.016"/>
  <testcase classname="MyTestCases" name="DaletData" time="0.014"/>
  <testcase classname="MyTestCases" name="ReadData">
    <skipped/>
  </testcase> <!-- ReadData -->
  <testcase classname="MyTestCases" name="LogOut">
    <skipped/>
  </testcase> <!-- LogOut -->
  <testcase classname="MyTestCases" name="Singnup">
    <skipped/>
  </testcase> <!-- Singnup -->
  <testcase classname="MyTestCases" name="Login">
    <skipped/>
  </testcase> <!-- Login -->
</testsuite> <!-- MyTestCases -->
